07.08.2018 23:33:49	This log contains information about the import schema operation into project 'Database' on computer 'DBAMATEJ' by user 'cizmarikm'.
07.08.2018 23:33:50	Import of database schema has started.
07.08.2018 23:33:56	Gathering database credentials
07.08.2018 23:33:56	Gathering database options
07.08.2018 23:33:56	Gathering users
07.08.2018 23:33:56	Gathering roles
07.08.2018 23:33:56	Gathering application roles
07.08.2018 23:33:56	Gathering role memberships
07.08.2018 23:33:56	Gathering filegroups
07.08.2018 23:33:56	Gathering full-text catalogs
07.08.2018 23:33:56	Gathering assemblies
07.08.2018 23:33:56	Gathering certificates
07.08.2018 23:33:56	Gathering asymmetric keys
07.08.2018 23:33:56	Gathering symmetric keys
07.08.2018 23:33:56	Gathering encrypted symmetric keys
07.08.2018 23:33:56	Gathering schemas
07.08.2018 23:33:56	Gathering XML schema collections
07.08.2018 23:33:56	Gathering user-defined data types
07.08.2018 23:33:56	Gathering user-defined types
07.08.2018 23:33:56	Gathering table types
07.08.2018 23:33:56	Gathering unique keys for table types
07.08.2018 23:33:56	Gathering primary keys for table types
07.08.2018 23:33:56	Gathering indexes for table types
07.08.2018 23:33:56	Gathering check constraints for table types
07.08.2018 23:33:56	Gathering default constraints for table types
07.08.2018 23:33:56	Gathering partition functions
07.08.2018 23:33:56	Gathering partition schemes
07.08.2018 23:33:56	Gathering functions
07.08.2018 23:33:56	Gathering encrypted functions
07.08.2018 23:33:57	Gathering aggregates
07.08.2018 23:33:57	Gathering procedures
07.08.2018 23:33:57	Gathering encrypted procedures
07.08.2018 23:33:57	Gathering tables
07.08.2018 23:33:57	Gathering primary keys
07.08.2018 23:33:57	Gathering unique constraints
07.08.2018 23:33:57	Gathering foreign keys
07.08.2018 23:33:57	Gathering default constraints
07.08.2018 23:33:57	Gathering check constraints
07.08.2018 23:33:57	Gathering views
07.08.2018 23:33:57	Gathering encrypted views
07.08.2018 23:33:57	Gathering indexes
07.08.2018 23:33:57	Gathering statistics
07.08.2018 23:33:57	Gathering full-text index stoplists
07.08.2018 23:33:57	Gathering search property lists
07.08.2018 23:33:57	Gathering search properties
07.08.2018 23:33:57	Gathering full-text indexes
07.08.2018 23:33:57	Gathering column store indexes
07.08.2018 23:33:57	Gathering spatial indexes
07.08.2018 23:33:57	Gathering XML indexes
07.08.2018 23:33:57	Gathering Selective XML indexes
07.08.2018 23:33:57	Gathering encrypted triggers
07.08.2018 23:33:57	Gathering triggers
07.08.2018 23:33:57	Gathering encrypted and clr ddl triggers
07.08.2018 23:33:57	Gathering ddl triggers
07.08.2018 23:33:57	Gathering synonyms
07.08.2018 23:33:57	Gathering defaults
07.08.2018 23:33:57	Gathering data constraint uddt bindings
07.08.2018 23:33:57	Gathering rules
07.08.2018 23:33:57	Gathering data constraint uddt bindings
07.08.2018 23:33:57	Gathering message types
07.08.2018 23:33:57	Gathering queues
07.08.2018 23:33:57	Gathering contracts
07.08.2018 23:33:57	Gathering services
07.08.2018 23:33:57	Gathering event notifications
07.08.2018 23:33:57	Gathering remote service bindings
07.08.2018 23:33:57	Gathering broker priorities
07.08.2018 23:33:57	Gathering signatures
07.08.2018 23:33:57	Gathering data compression options
07.08.2018 23:33:57	Gathering sequence types
07.08.2018 23:33:57	Gathering security policies
07.08.2018 23:33:57	Gather column encryption keys
07.08.2018 23:33:57	Gathering column master keys
07.08.2018 23:33:57	Gathering external data sources
07.08.2018 23:33:57	Gathering external file formats
07.08.2018 23:33:57	Gathering external tables
07.08.2018 23:33:57	Gathering database permissions
07.08.2018 23:33:57	Gathering extended properties
07.08.2018 23:33:57	Gathering credentials
07.08.2018 23:33:57	Gathering logins
07.08.2018 23:33:57	Gathering server audits
07.08.2018 23:33:58	Scanning project for duplicate elements
07.08.2018 23:33:59	Finished duplicate element processing
07.08.2018 23:34:00	Finished importing database.
07.08.2018 23:34:00	A summary of the import was saved to the following location: C:\Projects\ContractManagement\Database\Import Schema Logs\Database_20180807093349.log
07.08.2018 23:34:00	Click Finish to continue...
